<?xml version="1.0" encoding="UTF-8"?>
<!-- Generated by org.testng.reporters.JUnitReportReporter -->
<testsuite hostname="DESKTOP-MUKBM6R" failures="0" tests="4" name="test.BorsheimsTestCase1" time="63.350" errors="0" timestamp="25 Mar 2024 08:51:15 GMT">
  <testcase classname="test.BorsheimsTestCase1" name="NavigateWebsite" time="21.943"/>
  <testcase classname="test.BorsheimsTestCase1" name="addItemBag" time="20.455"/>
  <testcase classname="test.BorsheimsTestCase1" name="BagPageDisplay" time="10.046"/>
  <testcase classname="test.BorsheimsTestCase1" name="searchRandomBrand" time="10.906"/>
</testsuite> <!-- test.BorsheimsTestCase1 -->
