<?xml version="1.0" encoding="UTF-8"?>
<!-- Generated by org.testng.reporters.JUnitReportReporter -->
<testsuite hostname="DESKTOP-MUKBM6R" failures="0" tests="4" name="test.BorsheimsTestCase1" time="49.604" errors="0" timestamp="24 Mar 2024 12:08:43 GMT">
  <testcase classname="test.BorsheimsTestCase1" name="NavigateWebsite" time="19.798"/>
  <testcase classname="test.BorsheimsTestCase1" name="addItemBag" time="12.224"/>
  <testcase classname="test.BorsheimsTestCase1" name="BagPageDisplay" time="9.880"/>
  <testcase classname="test.BorsheimsTestCase1" name="searchRandomBrand" time="7.702"/>
</testsuite> <!-- test.BorsheimsTestCase1 -->
