<?xml version="1.0" encoding="UTF-8"?>
<!-- Generated by org.testng.reporters.JUnitReportReporter -->
<testsuite hostname="DESKTOP-MUKBM6R" failures="0" tests="3" name="test.BorsheimsTest" time="26.745" errors="0" timestamp="21 Mar 2024 10:59:46 GMT">
  <testcase classname="test.BorsheimsTest" name="NavigateWebsite" time="8.463"/>
  <testcase classname="test.BorsheimsTest" name="searchRandomBrand" time="3.625"/>
  <testcase classname="test.BorsheimsTest" name="addItemBag" time="14.657"/>
</testsuite> <!-- test.BorsheimsTest -->
