<?xml version="1.0" encoding="UTF-8"?>
<!-- Generated by org.testng.reporters.JUnitReportReporter -->
<testsuite hostname="DESKTOP-MUKBM6R" failures="0" tests="5" name="test.BorsheimsTestCase2" time="53.401" errors="0" timestamp="24 Mar 2024 08:37:30 GMT">
  <testcase classname="test.BorsheimsTestCase2" name="logoutFunction" time="12.147"/>
  <testcase classname="test.BorsheimsTestCase2" name="NavigateWebsite" time="16.700"/>
  <testcase classname="test.BorsheimsTestCase2" name="registerInformation" time="8.974"/>
  <testcase classname="test.BorsheimsTestCase2" name="usernameDisplayed" time="3.947"/>
  <testcase classname="test.BorsheimsTestCase2" name="loginInformation" time="11.633"/>
</testsuite> <!-- test.BorsheimsTestCase2 -->
