<?xml version="1.0" encoding="UTF-8"?>
<!-- Generated by org.testng.reporters.JUnitReportReporter -->
<testsuite hostname="DESKTOP-MUKBM6R" failures="0" tests="5" name="test.BorsheimsTestCase2" time="63.775" errors="0" timestamp="25 Mar 2024 09:03:17 GMT">
  <testcase classname="test.BorsheimsTestCase2" name="NavigateWebsite" time="23.347"/>
  <testcase classname="test.BorsheimsTestCase2" name="usernameDisplayed" time="0.674"/>
  <testcase classname="test.BorsheimsTestCase2" name="logoutFunction" time="13.262"/>
  <testcase classname="test.BorsheimsTestCase2" name="registerInformation" time="12.718"/>
  <testcase classname="test.BorsheimsTestCase2" name="loginInformation" time="13.774"/>
</testsuite> <!-- test.BorsheimsTestCase2 -->
