<?xml version="1.0" encoding="UTF-8"?>
<!-- Generated by org.testng.reporters.JUnitReportReporter -->
<testsuite hostname="DESKTOP-MUKBM6R" failures="0" tests="2" name="test.NewTest" time="0.016" errors="0" timestamp="2024-03-25T15:49:32 IST" skipped="0">
  <testcase classname="test.NewTest" name="f" time="0.003"/>
  <system-out/>
  <testcase classname="test.NewTest" name="f" time="0.013"/>
  <system-out/>
</testsuite> <!-- test.NewTest -->
