<?xml version="1.0" encoding="UTF-8"?>
<!-- Generated by org.testng.reporters.JUnitReportReporter -->
<testsuite hostname="DESKTOP-MUKBM6R" failures="0" tests="25" name="test.BorsheimsTestCase2" time="274.186" errors="0" timestamp="2024-03-25T16:03:33 IST" skipped="0">
  <testcase classname="test.BorsheimsTestCase2" name="NavigateWebsite" time="16.428"/>
  <system-out/>
  <testcase classname="test.BorsheimsTestCase2" name="NavigateWebsite" time="20.915"/>
  <system-out/>
  <testcase classname="test.BorsheimsTestCase2" name="NavigateWebsite" time="29.698"/>
  <system-out/>
  <testcase classname="test.BorsheimsTestCase2" name="NavigateWebsite" time="16.702"/>
  <system-out/>
  <testcase classname="test.BorsheimsTestCase2" name="NavigateWebsite" time="17.101"/>
  <system-out/>
  <testcase classname="test.BorsheimsTestCase2" name="registerInformation" time="8.443"/>
  <system-out/>
  <testcase classname="test.BorsheimsTestCase2" name="registerInformation" time="8.235"/>
  <system-out/>
  <testcase classname="test.BorsheimsTestCase2" name="registerInformation" time="9.021"/>
  <system-out/>
  <testcase classname="test.BorsheimsTestCase2" name="registerInformation" time="8.777"/>
  <system-out/>
  <testcase classname="test.BorsheimsTestCase2" name="registerInformation" time="8.458"/>
  <system-out/>
  <testcase classname="test.BorsheimsTestCase2" name="usernameDisplayed" time="0.385"/>
  <system-out/>
  <testcase classname="test.BorsheimsTestCase2" name="usernameDisplayed" time="0.303"/>
  <system-out/>
  <testcase classname="test.BorsheimsTestCase2" name="usernameDisplayed" time="0.652"/>
  <system-out/>
  <testcase classname="test.BorsheimsTestCase2" name="usernameDisplayed" time="0.425"/>
  <system-out/>
  <testcase classname="test.BorsheimsTestCase2" name="usernameDisplayed" time="0.381"/>
  <system-out/>
  <testcase classname="test.BorsheimsTestCase2" name="logoutFunction" time="12.170"/>
  <system-out/>
  <testcase classname="test.BorsheimsTestCase2" name="logoutFunction" time="12.669"/>
  <system-out/>
  <testcase classname="test.BorsheimsTestCase2" name="logoutFunction" time="11.933"/>
  <system-out/>
  <testcase classname="test.BorsheimsTestCase2" name="logoutFunction" time="12.144"/>
  <system-out/>
  <testcase classname="test.BorsheimsTestCase2" name="logoutFunction" time="12.537"/>
  <system-out/>
  <testcase classname="test.BorsheimsTestCase2" name="loginInformation" time="13.882"/>
  <system-out/>
  <testcase classname="test.BorsheimsTestCase2" name="loginInformation" time="13.061"/>
  <system-out/>
  <testcase classname="test.BorsheimsTestCase2" name="loginInformation" time="14.705"/>
  <system-out/>
  <testcase classname="test.BorsheimsTestCase2" name="loginInformation" time="11.753"/>
  <system-out/>
  <testcase classname="test.BorsheimsTestCase2" name="loginInformation" time="13.408"/>
  <system-out/>
</testsuite> <!-- test.BorsheimsTestCase2 -->
