<?xml version="1.0" encoding="UTF-8"?>
<!-- Generated by org.testng.reporters.JUnitReportReporter -->
<testsuite hostname="DESKTOP-MUKBM6R" failures="0" tests="4" name="test.BorsheimsTestCase1" time="79.419" errors="0" timestamp="2024-03-25T15:55:11 IST" skipped="0">
  <testcase classname="test.BorsheimsTestCase1" name="NavigateWebsite" time="25.574"/>
  <system-out/>
  <testcase classname="test.BorsheimsTestCase1" name="searchRandomBrand" time="12.016"/>
  <system-out/>
  <testcase classname="test.BorsheimsTestCase1" name="addItemBag" time="28.322"/>
  <system-out/>
  <testcase classname="test.BorsheimsTestCase1" name="BagPageDisplay" time="13.507"/>
  <system-out/>
</testsuite> <!-- test.BorsheimsTestCase1 -->
